<?xml version="1.0" encoding="UTF-8"?>
<testng-results ignored="0" total="1" passed="1" failed="0" skipped="0">
  <reporter-output>
  </reporter-output>
  <suite started-at="2022-05-18T06:39:10Z" name="Suite" finished-at="2022-05-18T06:39:32Z" duration-ms="21965">
    <groups>
    </groups>
    <test started-at="2022-05-18T06:39:10Z" name="Test" finished-at="2022-05-18T06:39:32Z" duration-ms="21965">
      <class name="com.selelnium.TestCase.AlertDemo">
        <test-method is-config="true" signature="setup(java.lang.String)[pri:0, instance:com.selelnium.TestCase.AlertDemo@53045c6c]" started-at="2022-05-18T06:39:10Z" name="setup" finished-at="2022-05-18T06:39:29Z" duration-ms="18565" status="PASS">
          <params>
            <param index="0">
              <value>
                <![CDATA[Chrome]]>
              </value>
            </param>
          </params>
          <reporter-output>
          </reporter-output>
        </test-method> <!-- setup -->
        <test-method signature="alert_check()[pri:0, instance:com.selelnium.TestCase.AlertDemo@53045c6c]" started-at="2022-05-18T06:39:29Z" name="alert_check" finished-at="2022-05-18T06:39:32Z" duration-ms="3171" status="PASS">
          <reporter-output>
          </reporter-output>
        </test-method> <!-- alert_check -->
        <test-method is-config="true" signature="Teardown()[pri:0, instance:com.selelnium.TestCase.AlertDemo@53045c6c]" started-at="2022-05-18T06:39:32Z" name="Teardown" finished-at="2022-05-18T06:39:32Z" duration-ms="205" status="PASS">
          <reporter-output>
          </reporter-output>
        </test-method> <!-- Teardown -->
      </class> <!-- com.selelnium.TestCase.AlertDemo -->
    </test> <!-- Test -->
  </suite> <!-- Suite -->
</testng-results>
