<?xml version="1.0" encoding="UTF-8"?>
<testng-results ignored="0" total="1" passed="1" failed="0" skipped="0">
  <reporter-output>
  </reporter-output>
  <suite started-at="2022-05-17T06:33:08Z" name="Suite" finished-at="2022-05-17T06:33:48Z" duration-ms="40372">
    <groups>
    </groups>
    <test started-at="2022-05-17T06:33:08Z" name="Test" finished-at="2022-05-17T06:33:48Z" duration-ms="40372">
      <class name="com.selelnium.TestCase.AlertDemo">
        <test-method is-config="true" signature="setup(java.lang.String)[pri:0, instance:com.selelnium.TestCase.AlertDemo@5b218417]" started-at="2022-05-17T06:33:08Z" name="setup" finished-at="2022-05-17T06:33:40Z" duration-ms="32083" status="PASS">
          <params>
            <param index="0">
              <value>
                <![CDATA[Chrome]]>
              </value>
            </param>
          </params>
          <reporter-output>
          </reporter-output>
        </test-method> <!-- setup -->
        <test-method signature="alert_check()[pri:0, instance:com.selelnium.TestCase.AlertDemo@5b218417]" started-at="2022-05-17T06:33:40Z" name="alert_check" finished-at="2022-05-17T06:33:45Z" duration-ms="5696" status="PASS">
          <reporter-output>
          </reporter-output>
        </test-method> <!-- alert_check -->
        <test-method is-config="true" signature="Teardown()[pri:0, instance:com.selelnium.TestCase.AlertDemo@5b218417]" started-at="2022-05-17T06:33:45Z" name="Teardown" finished-at="2022-05-17T06:33:48Z" duration-ms="2544" status="PASS">
          <reporter-output>
          </reporter-output>
        </test-method> <!-- Teardown -->
      </class> <!-- com.selelnium.TestCase.AlertDemo -->
    </test> <!-- Test -->
  </suite> <!-- Suite -->
</testng-results>
